<?xml version="1.0" encoding="UTF-8"?>
<!-- Generated by org.testng.reporters.JUnitReportReporter -->
<testsuite hostname="CROSS" failures="0" tests="1" name="testCases.TC001_AccountRegister" time="4.683" errors="0" timestamp="2024-11-07T15:38:57 IST" skipped="0">
  <testcase classname="testCases.TC001_AccountRegister" name="verify_Registration" time="4.683"/>
  <system-out/>
</testsuite> <!-- testCases.TC001_AccountRegister -->
