<?xml version="1.0" encoding="UTF-8"?>
<!-- Generated by org.testng.reporters.JUnitReportReporter -->
<testsuite hostname="CROSS" failures="0" tests="1" name="testCases.TC001_AccountRegister" time="3.543" errors="0" timestamp="2024-10-13T18:17:37 IST" skipped="0">
  <testcase classname="testCases.TC001_AccountRegister" name="verify_Registration" time="3.543"/>
  <system-out/>
</testsuite> <!-- testCases.TC001_AccountRegister -->
