<?xml version="1.0" encoding="UTF-8"?>
<!-- Generated by org.testng.reporters.JUnitReportReporter -->
<testsuite hostname="CROSS" failures="0" tests="1" name="scripts.Login" time="1.636" errors="0" timestamp="2024-10-07T21:03:27 IST" skipped="0">
  <testcase classname="scripts.Login" name="f" time="1.636"/>
  <system-out/>
</testsuite> <!-- scripts.Login -->
